<?xml version="1.0" encoding="UTF-8"?>
<testsuite name="com.br.siscei.test.domain.repository.MetaFileRepositoryIntegrationTests" time="1.895" tests="8" errors="8" skipped="0" failures="0">
  <properties>
[...]
</properties>
  <testcase name="listByFolder" classname="com.br.siscei.test.domain.repository.MetaFileRepositoryIntegrationTests" time="0.211">
    <error message="D:\Development\Workspaces\Pr%c3%a1ticas%20Profissionais\SISCEI\4-Implementacao\4.1-Codigo_Fonte\solution\target\test-classes\example.pdf (O sistema não pode encontrar o caminho especificado)" type="java.io.FileNotFoundException"><![CDATA[java.io.FileNotFoundException: D:\Development\Workspaces\Pr%c3%a1ticas%20Profissionais\SISCEI\4-Implementacao\4.1-Codigo_Fonte\solution\target\test-classes\example.pdf (O sistema não pode encontrar o caminho especificado)
	at java.io.FileInputStream.open0(Native Method)
	at java.io.FileInputStream.open(Unknown Source)
	at java.io.FileInputStream.<init>(Unknown Source)
	at java.io.FileInputStream.<init>(Unknown Source)
	at com.br.siscei.test.domain.repository.MetaFileRepositoryIntegrationTests.listByFolder(MetaFileRepositoryIntegrationTests.java:296)
]]></error>
    <system-out><![CDATA[2016-06-26 11:28:37.951  INFO 5504 --- [           main] o.s.t.c.support.AbstractContextLoader    : Could not detect default resource locations for test class [com.br.siscei.test.domain.AbstractIntegrationTests]: no resource found for suffixes {-context.xml, Context.groovy}.
2016-06-26 11:28:37.953  INFO 5504 --- [           main] WebAppIntegrationTestContextBootstrapper : Loaded default TestExecutionListener class names from location [META-INF/spring.factories]: [org.springframework.test.context.web.ServletTestExecutionListener, org.springframework.test.context.support.DirtiesContextBeforeModesTestExecutionListener, org.springframework.test.context.support.DependencyInjectionTestExecutionListener, org.springframework.test.context.support.DirtiesContextTestExecutionListener, org.springframework.test.context.transaction.TransactionalTestExecutionListener, org.springframework.test.context.jdbc.SqlScriptsTestExecutionListener, org.springframework.security.test.context.support.WithSecurityContextTestExecutionListener]
2016-06-26 11:28:37.953  INFO 5504 --- [           main] WebAppIntegrationTestContextBootstrapper : Using TestExecutionListeners: [br.com.eits.common.infrastructure.dbunit.TransactionDbUnitTestExecutionListener@2d20e68, org.springframework.test.context.web.ServletTestExecutionListener@4328971d, org.springframework.test.context.support.DirtiesContextBeforeModesTestExecutionListener@51d5a186, org.springframework.test.context.support.DependencyInjectionTestExecutionListener@5938eb23, org.springframework.test.context.support.DirtiesContextTestExecutionListener@4b0b1f22, org.springframework.test.context.transaction.TransactionalTestExecutionListener@4c9cf921, org.springframework.test.context.jdbc.SqlScriptsTestExecutionListener@30b9b8a5, org.springframework.security.test.context.support.WithSecurityContextTestExecutionListener@2ec63c62]
]]></system-out>
  </testcase>
  <testcase name="removeByPath" classname="com.br.siscei.test.domain.repository.MetaFileRepositoryIntegrationTests" time="0.357">
    <error message="D:\Development\Workspaces\Pr%c3%a1ticas%20Profissionais\SISCEI\4-Implementacao\4.1-Codigo_Fonte\solution\target\test-classes\example.pdf (O sistema não pode encontrar o caminho especificado)" type="java.io.FileNotFoundException"><![CDATA[java.io.FileNotFoundException: D:\Development\Workspaces\Pr%c3%a1ticas%20Profissionais\SISCEI\4-Implementacao\4.1-Codigo_Fonte\solution\target\test-classes\example.pdf (O sistema não pode encontrar o caminho especificado)
	at java.io.FileInputStream.open0(Native Method)
	at java.io.FileInputStream.open(Unknown Source)
	at java.io.FileInputStream.<init>(Unknown Source)
	at java.io.FileInputStream.<init>(Unknown Source)
	at com.br.siscei.test.domain.repository.MetaFileRepositoryIntegrationTests.removeByPath(MetaFileRepositoryIntegrationTests.java:108)
]]></error>
  </testcase>
  <testcase name="insert" classname="com.br.siscei.test.domain.repository.MetaFileRepositoryIntegrationTests" time="0.265">
    <error message="D:\Development\Workspaces\Pr%c3%a1ticas%20Profissionais\SISCEI\4-Implementacao\4.1-Codigo_Fonte\solution\target\test-classes\example.pdf (O sistema não pode encontrar o caminho especificado)" type="java.io.FileNotFoundException"><![CDATA[java.io.FileNotFoundException: D:\Development\Workspaces\Pr%c3%a1ticas%20Profissionais\SISCEI\4-Implementacao\4.1-Codigo_Fonte\solution\target\test-classes\example.pdf (O sistema não pode encontrar o caminho especificado)
	at java.io.FileInputStream.open0(Native Method)
	at java.io.FileInputStream.open(Unknown Source)
	at java.io.FileInputStream.<init>(Unknown Source)
	at java.io.FileInputStream.<init>(Unknown Source)
	at com.br.siscei.test.domain.repository.MetaFileRepositoryIntegrationTests.insert(MetaFileRepositoryIntegrationTests.java:52)
]]></error>
  </testcase>
  <testcase name="remove" classname="com.br.siscei.test.domain.repository.MetaFileRepositoryIntegrationTests" time="0.262">
    <error message="D:\Development\Workspaces\Pr%c3%a1ticas%20Profissionais\SISCEI\4-Implementacao\4.1-Codigo_Fonte\solution\target\test-classes\example.pdf (O sistema não pode encontrar o caminho especificado)" type="java.io.FileNotFoundException"><![CDATA[java.io.FileNotFoundException: D:\Development\Workspaces\Pr%c3%a1ticas%20Profissionais\SISCEI\4-Implementacao\4.1-Codigo_Fonte\solution\target\test-classes\example.pdf (O sistema não pode encontrar o caminho especificado)
	at java.io.FileInputStream.open0(Native Method)
	at java.io.FileInputStream.open(Unknown Source)
	at java.io.FileInputStream.<init>(Unknown Source)
	at java.io.FileInputStream.<init>(Unknown Source)
	at com.br.siscei.test.domain.repository.MetaFileRepositoryIntegrationTests.remove(MetaFileRepositoryIntegrationTests.java:179)
]]></error>
  </testcase>
  <testcase name="findById" classname="com.br.siscei.test.domain.repository.MetaFileRepositoryIntegrationTests" time="0.199">
    <error message="D:\Development\Workspaces\Pr%c3%a1ticas%20Profissionais\SISCEI\4-Implementacao\4.1-Codigo_Fonte\solution\target\test-classes\example.pdf (O sistema não pode encontrar o caminho especificado)" type="java.io.FileNotFoundException"><![CDATA[java.io.FileNotFoundException: D:\Development\Workspaces\Pr%c3%a1ticas%20Profissionais\SISCEI\4-Implementacao\4.1-Codigo_Fonte\solution\target\test-classes\example.pdf (O sistema não pode encontrar o caminho especificado)
	at java.io.FileInputStream.open0(Native Method)
	at java.io.FileInputStream.open(Unknown Source)
	at java.io.FileInputStream.<init>(Unknown Source)
	at java.io.FileInputStream.<init>(Unknown Source)
	at com.br.siscei.test.domain.repository.MetaFileRepositoryIntegrationTests.findById(MetaFileRepositoryIntegrationTests.java:254)
]]></error>
  </testcase>
  <testcase name="removeByFolder" classname="com.br.siscei.test.domain.repository.MetaFileRepositoryIntegrationTests" time="0.202">
    <error message="D:\Development\Workspaces\Pr%c3%a1ticas%20Profissionais\SISCEI\4-Implementacao\4.1-Codigo_Fonte\solution\target\test-classes\example.pdf (O sistema não pode encontrar o caminho especificado)" type="java.io.FileNotFoundException"><![CDATA[java.io.FileNotFoundException: D:\Development\Workspaces\Pr%c3%a1ticas%20Profissionais\SISCEI\4-Implementacao\4.1-Codigo_Fonte\solution\target\test-classes\example.pdf (O sistema não pode encontrar o caminho especificado)
	at java.io.FileInputStream.open0(Native Method)
	at java.io.FileInputStream.open(Unknown Source)
	at java.io.FileInputStream.<init>(Unknown Source)
	at java.io.FileInputStream.<init>(Unknown Source)
	at com.br.siscei.test.domain.repository.MetaFileRepositoryIntegrationTests.removeByFolder(MetaFileRepositoryIntegrationTests.java:141)
]]></error>
  </testcase>
  <testcase name="findByPath" classname="com.br.siscei.test.domain.repository.MetaFileRepositoryIntegrationTests" time="0.196">
    <error message="D:\Development\Workspaces\Pr%c3%a1ticas%20Profissionais\SISCEI\4-Implementacao\4.1-Codigo_Fonte\solution\target\test-classes\example.pdf (O sistema não pode encontrar o caminho especificado)" type="java.io.FileNotFoundException"><![CDATA[java.io.FileNotFoundException: D:\Development\Workspaces\Pr%c3%a1ticas%20Profissionais\SISCEI\4-Implementacao\4.1-Codigo_Fonte\solution\target\test-classes\example.pdf (O sistema não pode encontrar o caminho especificado)
	at java.io.FileInputStream.open0(Native Method)
	at java.io.FileInputStream.open(Unknown Source)
	at java.io.FileInputStream.<init>(Unknown Source)
	at java.io.FileInputStream.<init>(Unknown Source)
	at com.br.siscei.test.domain.repository.MetaFileRepositoryIntegrationTests.findByPath(MetaFileRepositoryIntegrationTests.java:212)
]]></error>
  </testcase>
  <testcase name="insertWithCreator" classname="com.br.siscei.test.domain.repository.MetaFileRepositoryIntegrationTests" time="0.203">
    <error message="D:\Development\Workspaces\Pr%c3%a1ticas%20Profissionais\SISCEI\4-Implementacao\4.1-Codigo_Fonte\solution\target\test-classes\example.pdf (O sistema não pode encontrar o caminho especificado)" type="java.io.FileNotFoundException"><![CDATA[java.io.FileNotFoundException: D:\Development\Workspaces\Pr%c3%a1ticas%20Profissionais\SISCEI\4-Implementacao\4.1-Codigo_Fonte\solution\target\test-classes\example.pdf (O sistema não pode encontrar o caminho especificado)
	at java.io.FileInputStream.open0(Native Method)
	at java.io.FileInputStream.open(Unknown Source)
	at java.io.FileInputStream.<init>(Unknown Source)
	at java.io.FileInputStream.<init>(Unknown Source)
	at com.br.siscei.test.domain.repository.MetaFileRepositoryIntegrationTests.insertWithCreator(MetaFileRepositoryIntegrationTests.java:79)
]]></error>
  </testcase>
</testsuite>