<?xml version="1.0" encoding="UTF-8"?>
<testsuite name="com.br.siscei.test.domain.repository.MetaFileRepositoryIntegrationTests" time="1.389" tests="8" errors="8" skipped="0" failures="0">
  <properties>
[...]
</properties>
  <testcase name="listByFolder" classname="com.br.siscei.test.domain.repository.MetaFileRepositoryIntegrationTests" time="0.076">
    <error message="D:\Development\Workspaces\Pr%c3%a1ticas%20Profissionais\SISCEI\4-Implementacao\4.1-Codigo_Fonte\solution\target\test-classes\example.pdf (O sistema não pode encontrar o caminho especificado)" type="java.io.FileNotFoundException"><![CDATA[java.io.FileNotFoundException: D:\Development\Workspaces\Pr%c3%a1ticas%20Profissionais\SISCEI\4-Implementacao\4.1-Codigo_Fonte\solution\target\test-classes\example.pdf (O sistema não pode encontrar o caminho especificado)
	at java.io.FileInputStream.open0(Native Method)
	at java.io.FileInputStream.open(FileInputStream.java:195)
	at java.io.FileInputStream.<init>(FileInputStream.java:138)
	at java.io.FileInputStream.<init>(FileInputStream.java:93)
	at com.br.siscei.test.domain.repository.MetaFileRepositoryIntegrationTests.listByFolder(MetaFileRepositoryIntegrationTests.java:296)
]]></error>
    <system-out><![CDATA[2016-06-22 21:57:32.855  INFO 628 --- [           main] o.s.t.c.support.AbstractContextLoader    : Could not detect default resource locations for test class [com.br.siscei.test.domain.AbstractIntegrationTests]: no resource found for suffixes {-context.xml, Context.groovy}.
2016-06-22 21:57:32.857  INFO 628 --- [           main] WebAppIntegrationTestContextBootstrapper : Loaded default TestExecutionListener class names from location [META-INF/spring.factories]: [org.springframework.test.context.web.ServletTestExecutionListener, org.springframework.test.context.support.DirtiesContextBeforeModesTestExecutionListener, org.springframework.test.context.support.DependencyInjectionTestExecutionListener, org.springframework.test.context.support.DirtiesContextTestExecutionListener, org.springframework.test.context.transaction.TransactionalTestExecutionListener, org.springframework.test.context.jdbc.SqlScriptsTestExecutionListener, org.springframework.security.test.context.support.WithSecurityContextTestExecutionListener]
2016-06-22 21:57:32.858  INFO 628 --- [           main] WebAppIntegrationTestContextBootstrapper : Using TestExecutionListeners: [br.com.eits.common.infrastructure.dbunit.TransactionDbUnitTestExecutionListener@3f1bfe98, org.springframework.test.context.web.ServletTestExecutionListener@413721f, org.springframework.test.context.support.DirtiesContextBeforeModesTestExecutionListener@172a93b2, org.springframework.test.context.support.DependencyInjectionTestExecutionListener@4e7100a4, org.springframework.test.context.support.DirtiesContextTestExecutionListener@2efed8cc, org.springframework.test.context.transaction.TransactionalTestExecutionListener@3162d486, org.springframework.test.context.jdbc.SqlScriptsTestExecutionListener@7296661b, org.springframework.security.test.context.support.WithSecurityContextTestExecutionListener@34243ccd]
]]></system-out>
  </testcase>
  <testcase name="removeByPath" classname="com.br.siscei.test.domain.repository.MetaFileRepositoryIntegrationTests" time="0.186">
    <error message="D:\Development\Workspaces\Pr%c3%a1ticas%20Profissionais\SISCEI\4-Implementacao\4.1-Codigo_Fonte\solution\target\test-classes\example.pdf (O sistema não pode encontrar o caminho especificado)" type="java.io.FileNotFoundException"><![CDATA[java.io.FileNotFoundException: D:\Development\Workspaces\Pr%c3%a1ticas%20Profissionais\SISCEI\4-Implementacao\4.1-Codigo_Fonte\solution\target\test-classes\example.pdf (O sistema não pode encontrar o caminho especificado)
	at java.io.FileInputStream.open0(Native Method)
	at java.io.FileInputStream.open(FileInputStream.java:195)
	at java.io.FileInputStream.<init>(FileInputStream.java:138)
	at java.io.FileInputStream.<init>(FileInputStream.java:93)
	at com.br.siscei.test.domain.repository.MetaFileRepositoryIntegrationTests.removeByPath(MetaFileRepositoryIntegrationTests.java:108)
]]></error>
  </testcase>
  <testcase name="insert" classname="com.br.siscei.test.domain.repository.MetaFileRepositoryIntegrationTests" time="0.186">
    <error message="D:\Development\Workspaces\Pr%c3%a1ticas%20Profissionais\SISCEI\4-Implementacao\4.1-Codigo_Fonte\solution\target\test-classes\example.pdf (O sistema não pode encontrar o caminho especificado)" type="java.io.FileNotFoundException"><![CDATA[java.io.FileNotFoundException: D:\Development\Workspaces\Pr%c3%a1ticas%20Profissionais\SISCEI\4-Implementacao\4.1-Codigo_Fonte\solution\target\test-classes\example.pdf (O sistema não pode encontrar o caminho especificado)
	at java.io.FileInputStream.open0(Native Method)
	at java.io.FileInputStream.open(FileInputStream.java:195)
	at java.io.FileInputStream.<init>(FileInputStream.java:138)
	at java.io.FileInputStream.<init>(FileInputStream.java:93)
	at com.br.siscei.test.domain.repository.MetaFileRepositoryIntegrationTests.insert(MetaFileRepositoryIntegrationTests.java:52)
]]></error>
  </testcase>
  <testcase name="remove" classname="com.br.siscei.test.domain.repository.MetaFileRepositoryIntegrationTests" time="0.187">
    <error message="D:\Development\Workspaces\Pr%c3%a1ticas%20Profissionais\SISCEI\4-Implementacao\4.1-Codigo_Fonte\solution\target\test-classes\example.pdf (O sistema não pode encontrar o caminho especificado)" type="java.io.FileNotFoundException"><![CDATA[java.io.FileNotFoundException: D:\Development\Workspaces\Pr%c3%a1ticas%20Profissionais\SISCEI\4-Implementacao\4.1-Codigo_Fonte\solution\target\test-classes\example.pdf (O sistema não pode encontrar o caminho especificado)
	at java.io.FileInputStream.open0(Native Method)
	at java.io.FileInputStream.open(FileInputStream.java:195)
	at java.io.FileInputStream.<init>(FileInputStream.java:138)
	at java.io.FileInputStream.<init>(FileInputStream.java:93)
	at com.br.siscei.test.domain.repository.MetaFileRepositoryIntegrationTests.remove(MetaFileRepositoryIntegrationTests.java:179)
]]></error>
  </testcase>
  <testcase name="findById" classname="com.br.siscei.test.domain.repository.MetaFileRepositoryIntegrationTests" time="0.188">
    <error message="D:\Development\Workspaces\Pr%c3%a1ticas%20Profissionais\SISCEI\4-Implementacao\4.1-Codigo_Fonte\solution\target\test-classes\example.pdf (O sistema não pode encontrar o caminho especificado)" type="java.io.FileNotFoundException"><![CDATA[java.io.FileNotFoundException: D:\Development\Workspaces\Pr%c3%a1ticas%20Profissionais\SISCEI\4-Implementacao\4.1-Codigo_Fonte\solution\target\test-classes\example.pdf (O sistema não pode encontrar o caminho especificado)
	at java.io.FileInputStream.open0(Native Method)
	at java.io.FileInputStream.open(FileInputStream.java:195)
	at java.io.FileInputStream.<init>(FileInputStream.java:138)
	at java.io.FileInputStream.<init>(FileInputStream.java:93)
	at com.br.siscei.test.domain.repository.MetaFileRepositoryIntegrationTests.findById(MetaFileRepositoryIntegrationTests.java:254)
]]></error>
  </testcase>
  <testcase name="removeByFolder" classname="com.br.siscei.test.domain.repository.MetaFileRepositoryIntegrationTests" time="0.181">
    <error message="D:\Development\Workspaces\Pr%c3%a1ticas%20Profissionais\SISCEI\4-Implementacao\4.1-Codigo_Fonte\solution\target\test-classes\example.pdf (O sistema não pode encontrar o caminho especificado)" type="java.io.FileNotFoundException"><![CDATA[java.io.FileNotFoundException: D:\Development\Workspaces\Pr%c3%a1ticas%20Profissionais\SISCEI\4-Implementacao\4.1-Codigo_Fonte\solution\target\test-classes\example.pdf (O sistema não pode encontrar o caminho especificado)
	at java.io.FileInputStream.open0(Native Method)
	at java.io.FileInputStream.open(FileInputStream.java:195)
	at java.io.FileInputStream.<init>(FileInputStream.java:138)
	at java.io.FileInputStream.<init>(FileInputStream.java:93)
	at com.br.siscei.test.domain.repository.MetaFileRepositoryIntegrationTests.removeByFolder(MetaFileRepositoryIntegrationTests.java:141)
]]></error>
  </testcase>
  <testcase name="findByPath" classname="com.br.siscei.test.domain.repository.MetaFileRepositoryIntegrationTests" time="0.189">
    <error message="D:\Development\Workspaces\Pr%c3%a1ticas%20Profissionais\SISCEI\4-Implementacao\4.1-Codigo_Fonte\solution\target\test-classes\example.pdf (O sistema não pode encontrar o caminho especificado)" type="java.io.FileNotFoundException"><![CDATA[java.io.FileNotFoundException: D:\Development\Workspaces\Pr%c3%a1ticas%20Profissionais\SISCEI\4-Implementacao\4.1-Codigo_Fonte\solution\target\test-classes\example.pdf (O sistema não pode encontrar o caminho especificado)
	at java.io.FileInputStream.open0(Native Method)
	at java.io.FileInputStream.open(FileInputStream.java:195)
	at java.io.FileInputStream.<init>(FileInputStream.java:138)
	at java.io.FileInputStream.<init>(FileInputStream.java:93)
	at com.br.siscei.test.domain.repository.MetaFileRepositoryIntegrationTests.findByPath(MetaFileRepositoryIntegrationTests.java:212)
]]></error>
  </testcase>
  <testcase name="insertWithCreator" classname="com.br.siscei.test.domain.repository.MetaFileRepositoryIntegrationTests" time="0.196">
    <error message="D:\Development\Workspaces\Pr%c3%a1ticas%20Profissionais\SISCEI\4-Implementacao\4.1-Codigo_Fonte\solution\target\test-classes\example.pdf (O sistema não pode encontrar o caminho especificado)" type="java.io.FileNotFoundException"><![CDATA[java.io.FileNotFoundException: D:\Development\Workspaces\Pr%c3%a1ticas%20Profissionais\SISCEI\4-Implementacao\4.1-Codigo_Fonte\solution\target\test-classes\example.pdf (O sistema não pode encontrar o caminho especificado)
	at java.io.FileInputStream.open0(Native Method)
	at java.io.FileInputStream.open(FileInputStream.java:195)
	at java.io.FileInputStream.<init>(FileInputStream.java:138)
	at java.io.FileInputStream.<init>(FileInputStream.java:93)
	at com.br.siscei.test.domain.repository.MetaFileRepositoryIntegrationTests.insertWithCreator(MetaFileRepositoryIntegrationTests.java:79)
]]></error>
  </testcase>
</testsuite>